[2018-12-03 23:26:06] .DEBUG: backup disabled [] []
[2018-12-03 23:26:06] .DEBUG: Start Grav backup upgrade update of all projects [] []
[2018-12-03 23:26:06] .DEBUG: try: cd to: /buu [] []
[2018-12-03 23:26:06] .WARNING: fail: cd to:  ["/buu"] []
[2018-12-03 23:26:06] .DEBUG: try: cd to: /srv/users/serverpilot/apps/gravcms/public/mijajlovic.ch/ [] []
[2018-12-03 23:26:06] .DEBUG: cwd: /srv/users/serverpilot/apps/gravcms/public/mijajlovic.ch [] []
[2018-12-03 23:26:06] .DEBUG: try: #php bin/grav backup [] []
[2018-12-03 23:26:07] .DEBUG: try: match:  with Saving and compressing archive... [] []
[2018-12-03 23:26:07] .WARNING: fail: match:  with Saving and compressing archive... [] []
[2018-12-03 23:26:07] .DEBUG: try: php bin/gpm self-upgrade -y [] []
[2018-12-03 23:26:08] .DEBUG: try: match:  GPM Releases Configuration: Stable  You are already running the latest version of Grav (v1.5.5) released on Mon Nov 12 22:56:39 2018  with You are already running the latest version of Grav [] []
[2018-12-03 23:26:08] .DEBUG: ok: match:  GPM Releases Configuration: Stable  You are already running the latest version of Grav (v1.5.5) released on Mon Nov 12 22:56:39 2018  with You are already running the latest version of Grav [] []
[2018-12-03 23:26:08] .DEBUG: try: php bin/gpm update -y [] []
[2018-12-03 23:26:12] .DEBUG: try: match:  GPM Releases Configuration: Stable  Nothing to update.  with Nothing to update. [] []
[2018-12-03 23:26:12] .DEBUG: ok: match:  GPM Releases Configuration: Stable  Nothing to update.  with Nothing to update. [] []
[2018-12-03 23:26:12] .DEBUG: try: cd to: /srv/users/serverpilot/apps/ddp/public/ [] []
[2018-12-03 23:26:12] .DEBUG: cwd: /srv/users/serverpilot/apps/ddp/public [] []
[2018-12-03 23:26:12] .DEBUG: try: #php bin/grav backup [] []
[2018-12-03 23:26:12] .DEBUG: try: match:  with Saving and compressing archive... [] []
[2018-12-03 23:26:12] .WARNING: fail: match:  with Saving and compressing archive... [] []
[2018-12-03 23:26:12] .DEBUG: try: php bin/gpm self-upgrade -y [] []
[2018-12-03 23:26:13] .DEBUG: try: match:  GPM Releases Configuration: Stable  You are already running the latest version of Grav (v1.5.5) released on Mon Nov 12 22:56:39 2018  with You are already running the latest version of Grav [] []
[2018-12-03 23:26:13] .DEBUG: ok: match:  GPM Releases Configuration: Stable  You are already running the latest version of Grav (v1.5.5) released on Mon Nov 12 22:56:39 2018  with You are already running the latest version of Grav [] []
[2018-12-03 23:26:13] .DEBUG: try: php bin/gpm update -y [] []
[2018-12-03 23:26:17] .DEBUG: try: match:  GPM Releases Configuration: Stable  Nothing to update.  with Nothing to update. [] []
[2018-12-03 23:26:17] .DEBUG: ok: match:  GPM Releases Configuration: Stable  Nothing to update.  with Nothing to update. [] []
